2017-05-29 08:43:20,702 INFO  [org.jboss.modules:970] (main) JBoss Modules version 1.5.2.Final
2017-05-29 08:43:21,484 INFO  [org.jboss.msc:93] (main) JBoss MSC version 1.2.6.Final
2017-05-29 08:43:21,582 INFO  [org.jboss.as:101] (MSC service thread 1-1) WFLYSRV0049: WildFly Full 10.1.0.Final (WildFly Core 2.2.0.Final) starting
2017-05-29 08:43:24,220 INFO  [org.jboss.as.server:136] (Controller Boot Thread) WFLYSRV0039: Creating http management service using socket-binding (management-http)
2017-05-29 08:43:24,284 INFO  [org.xnio:99] (MSC service thread 1-4) XNIO version 3.4.0.Final
2017-05-29 08:43:24,317 INFO  [org.xnio.nio:55] (MSC service thread 1-4) XNIO NIO Implementation Version 3.4.0.Final
2017-05-29 08:43:24,426 INFO  [org.jboss.as.clustering.infinispan:48] (ServerService Thread Pool -- 41) WFLYCLINF0001: Activating Infinispan subsystem.
2017-05-29 08:43:24,439 INFO  [org.wildfly.extension.io:180] (ServerService Thread Pool -- 40) WFLYIO001: Worker 'default' has auto-configured to 4 core threads with 32 task threads based on your 2 available processors
2017-05-29 08:43:24,450 INFO  [org.jboss.as.naming:64] (ServerService Thread Pool -- 50) WFLYNAM0001: Activating Naming Subsystem
2017-05-29 08:43:24,454 WARN  [org.jboss.as.txn:461] (ServerService Thread Pool -- 56) WFLYTX0013: Node identifier property is set to the default value. Please make sure it is unique.
2017-05-29 08:43:24,443 INFO  [org.jboss.as.jsf:71] (ServerService Thread Pool -- 47) WFLYJSF0007: Activated the following JSF Implementations: [main]
2017-05-29 08:43:24,458 INFO  [org.jboss.as.webservices:75] (ServerService Thread Pool -- 58) WFLYWS0002: Activating WebServices Extension
2017-05-29 08:43:24,454 INFO  [org.jboss.as.security:145] (ServerService Thread Pool -- 55) WFLYSEC0002: Activating Security Subsystem
2017-05-29 08:43:24,500 INFO  [org.wildfly.iiop.openjdk:121] (ServerService Thread Pool -- 60) WFLYIIOP0001: Activating IIOP Subsystem
2017-05-29 08:43:24,513 INFO  [org.jboss.remoting:73] (MSC service thread 1-1) JBoss Remoting version 4.0.21.Final
2017-05-29 08:43:24,625 INFO  [org.jboss.as.connector.subsystems.datasources:144] (ServerService Thread Pool -- 35) WFLYJCA0005: Deploying non-JDBC-compliant driver class org.postgresql.Driver (version 9.4)
2017-05-29 08:43:24,667 INFO  [org.jboss.as.security:84] (MSC service thread 1-3) WFLYSEC0001: Current PicketBox version=4.9.6.Final
2017-05-29 08:43:24,666 INFO  [org.jboss.as.naming:70] (MSC service thread 1-1) WFLYNAM0003: Starting Naming Service
2017-05-29 08:43:24,714 INFO  [org.jboss.as.connector:55] (MSC service thread 1-4) WFLYJCA0009: Starting JCA Subsystem (WildFly/IronJacamar 1.3.4.Final)
2017-05-29 08:43:24,726 INFO  [org.wildfly.extension.undertow:154] (MSC service thread 1-1) WFLYUT0003: Undertow 1.4.0.Final starting
2017-05-29 08:43:24,766 INFO  [org.jboss.as.mail.extension:126] (MSC service thread 1-2) WFLYMAIL0001: Bound mail session [java:jboss/mail/Default]
2017-05-29 08:43:24,774 INFO  [org.jboss.as.connector.deployers.jdbc:68] (MSC service thread 1-2) WFLYJCA0018: Started Driver service with driver-name = postgres
2017-05-29 08:43:25,056 INFO  [org.wildfly.extension.undertow:109] (ServerService Thread Pool -- 57) WFLYUT0014: Creating file handler for path '/opt/jboss/wildfly/welcome-content' with options [directory-listing: 'false', follow-symlink: 'false', case-sensitive: 'true', safe-symlink-paths: '[]']
2017-05-29 08:43:25,104 INFO  [org.wildfly.extension.undertow:72] (MSC service thread 1-4) WFLYUT0012: Started server default-server.
2017-05-29 08:43:25,109 INFO  [org.wildfly.extension.undertow:101] (MSC service thread 1-2) WFLYUT0018: Host default-host starting
2017-05-29 08:43:25,340 INFO  [org.wildfly.extension.undertow:128] (MSC service thread 1-4) WFLYUT0006: Undertow HTTP listener default listening on 0.0.0.0:8080
2017-05-29 08:43:25,519 INFO  [org.jboss.as.connector.subsystems.datasources:337] (MSC service thread 1-2) WFLYJCA0001: Bound data source [java:/jboss/datasources/postgreLocalDS]
2017-05-29 08:43:25,746 INFO  [org.wildfly.iiop.openjdk:147] (MSC service thread 1-1) WFLYIIOP0009: CORBA ORB Service started
2017-05-29 08:43:25,748 INFO  [org.wildfly.extension.messaging-activemq:159] (MSC service thread 1-4) WFLYMSGAMQ0075: AIO wasn't located on this platform, it will fall back to using pure Java NIO. Your platform is Linux, install LibAIO to enable the AIO journal and achieve optimal performance.
2017-05-29 08:43:25,819 WARN  [org.jboss.as.domain.management.security:181] (MSC service thread 1-4) WFLYDM0111: Keystore /opt/jboss/wildfly/standalone/configuration/application.keystore not found, it will be auto generated on first use with a self signed certificate for host localhost
2017-05-29 08:43:25,959 INFO  [org.infinispan.factories.GlobalComponentRegistry:239] (MSC service thread 1-2) ISPN000128: Infinispan version: Infinispan 'Chakra' 8.2.4.Final
2017-05-29 08:43:26,020 INFO  [org.jboss.as.server.deployment:69] (MSC service thread 1-3) WFLYSRV0027: Starting deployment of "weather.war" (runtime-name: "weather.war")
2017-05-29 08:43:26,021 INFO  [org.infinispan.configuration.cache.EvictionConfigurationBuilder:114] (ServerService Thread Pool -- 68) ISPN000152: Passivation configured without an eviction policy being selected. Only manually evicted entities will be passivated.
2017-05-29 08:43:26,021 INFO  [org.infinispan.configuration.cache.EvictionConfigurationBuilder:114] (ServerService Thread Pool -- 69) ISPN000152: Passivation configured without an eviction policy being selected. Only manually evicted entities will be passivated.
2017-05-29 08:43:26,053 INFO  [org.infinispan.configuration.cache.EvictionConfigurationBuilder:114] (ServerService Thread Pool -- 69) ISPN000152: Passivation configured without an eviction policy being selected. Only manually evicted entities will be passivated.
2017-05-29 08:43:26,055 INFO  [org.infinispan.configuration.cache.EvictionConfigurationBuilder:114] (ServerService Thread Pool -- 68) ISPN000152: Passivation configured without an eviction policy being selected. Only manually evicted entities will be passivated.
2017-05-29 08:43:26,071 INFO  [org.jboss.as.server.deployment.scanner:407] (MSC service thread 1-1) WFLYDS0013: Started FileSystemDeploymentService for directory /opt/jboss/wildfly/standalone/deployments
2017-05-29 08:43:26,081 INFO  [org.infinispan.configuration.cache.EvictionConfigurationBuilder:114] (ServerService Thread Pool -- 69) ISPN000152: Passivation configured without an eviction policy being selected. Only manually evicted entities will be passivated.
2017-05-29 08:43:26,082 INFO  [org.infinispan.configuration.cache.EvictionConfigurationBuilder:114] (ServerService Thread Pool -- 69) ISPN000152: Passivation configured without an eviction policy being selected. Only manually evicted entities will be passivated.
2017-05-29 08:43:26,134 INFO  [org.apache.activemq.artemis.core.server:390] (ServerService Thread Pool -- 66) AMQ221000: live Message Broker is starting with configuration Broker Configuration (clustered=false,journalDirectory=/opt/jboss/wildfly/standalone/data/activemq/journal,bindingsDirectory=/opt/jboss/wildfly/standalone/data/activemq/bindings,largeMessagesDirectory=/opt/jboss/wildfly/standalone/data/activemq/largemessages,pagingDirectory=/opt/jboss/wildfly/standalone/data/activemq/paging)
2017-05-29 08:43:26,138 INFO  [org.apache.activemq.artemis.core.server:40] (ServerService Thread Pool -- 66) AMQ221006: Waiting to obtain live lock
2017-05-29 08:43:26,264 INFO  [org.wildfly.extension.undertow:128] (MSC service thread 1-2) WFLYUT0006: Undertow HTTPS listener https listening on 0.0.0.0:8443
2017-05-29 08:43:26,276 INFO  [org.apache.activemq.artemis.core.server:254] (ServerService Thread Pool -- 66) AMQ221013: Using NIO Journal
2017-05-29 08:43:26,680 INFO  [org.apache.activemq.artemis.core.server:150] (ServerService Thread Pool -- 66) AMQ221043: Protocol module found: [artemis-server]. Adding protocol support for: CORE
2017-05-29 08:43:26,775 INFO  [org.apache.activemq.artemis.core.server:178] (ServerService Thread Pool -- 66) AMQ221043: Protocol module found: [artemis-amqp-protocol]. Adding protocol support for: AMQP
2017-05-29 08:43:26,786 INFO  [org.apache.activemq.artemis.core.server:178] (ServerService Thread Pool -- 66) AMQ221043: Protocol module found: [artemis-hornetq-protocol]. Adding protocol support for: HORNETQ
2017-05-29 08:43:26,788 INFO  [org.apache.activemq.artemis.core.server:178] (ServerService Thread Pool -- 66) AMQ221043: Protocol module found: [artemis-stomp-protocol]. Adding protocol support for: STOMP
2017-05-29 08:43:27,009 INFO  [org.apache.activemq.artemis.core.server:165] (ServerService Thread Pool -- 66) AMQ221034: Waiting indefinitely to obtain live lock
2017-05-29 08:43:27,009 INFO  [org.apache.activemq.artemis.core.server:169] (ServerService Thread Pool -- 66) AMQ221035: Live Server Obtained live lock
2017-05-29 08:43:27,099 INFO  [org.jboss.ws.common.management:340] (MSC service thread 1-2) JBWS022052: Starting JBossWS 5.1.5.Final (Apache CXF 3.1.6) 
2017-05-29 08:43:27,403 INFO  [org.jboss.as.jpa:124] (MSC service thread 1-2) WFLYJPA0002: Read persistence.xml for postgreLocalDS
2017-05-29 08:43:27,422 INFO  [org.wildfly.extension.messaging-activemq:104] (MSC service thread 1-4) WFLYMSGAMQ0016: Registered HTTP upgrade for activemq-remoting protocol handled by http-acceptor-throughput acceptor
2017-05-29 08:43:27,425 INFO  [org.wildfly.extension.messaging-activemq:104] (MSC service thread 1-4) WFLYMSGAMQ0016: Registered HTTP upgrade for activemq-remoting protocol handled by http-acceptor acceptor
2017-05-29 08:43:27,426 INFO  [org.wildfly.extension.messaging-activemq:104] (MSC service thread 1-4) WFLYMSGAMQ0016: Registered HTTP upgrade for activemq-remoting protocol handled by http-acceptor-throughput acceptor
2017-05-29 08:43:27,422 INFO  [org.wildfly.extension.messaging-activemq:104] (MSC service thread 1-3) WFLYMSGAMQ0016: Registered HTTP upgrade for activemq-remoting protocol handled by http-acceptor acceptor
2017-05-29 08:43:27,774 INFO  [org.jboss.as.jpa:107] (ServerService Thread Pool -- 69) WFLYJPA0010: Starting Persistence Unit (phase 1 of 2) Service 'weather.war#postgreLocalDS'
2017-05-29 08:43:27,815 INFO  [org.apache.activemq.artemis.core.server:73] (ServerService Thread Pool -- 66) AMQ221007: Server is now live
2017-05-29 08:43:27,815 INFO  [org.apache.activemq.artemis.core.server:412] (ServerService Thread Pool -- 66) AMQ221001: Apache ActiveMQ Artemis Message Broker version 1.1.0.wildfly-017 [nodeID=cfbfe805-0310-11e7-9aa1-e7532da8d919] 
2017-05-29 08:43:27,855 INFO  [org.wildfly.extension.messaging-activemq:75] (ServerService Thread Pool -- 68) WFLYMSGAMQ0002: Bound messaging object to jndi name java:/ConnectionFactory
2017-05-29 08:43:27,859 INFO  [org.hibernate.jpa.internal.util.LogHelper:31] (ServerService Thread Pool -- 69) HHH000204: Processing PersistenceUnitInfo [
	name: postgreLocalDS
	...]
2017-05-29 08:43:27,889 INFO  [org.apache.activemq.artemis.jms.server:1559] (ServerService Thread Pool -- 71) AMQ121005: Invalid "host" value "0.0.0.0" detected for "http-connector" connector. Switching to "e1274dda7241". If this new address is incorrect please manually configure the connector to use the proper one.
2017-05-29 08:43:27,892 INFO  [org.wildfly.extension.messaging-activemq:75] (ServerService Thread Pool -- 71) WFLYMSGAMQ0002: Bound messaging object to jndi name java:jboss/exported/jms/RemoteConnectionFactory
2017-05-29 08:43:27,893 INFO  [org.apache.activemq.artemis.core.server:1227] (ServerService Thread Pool -- 70) AMQ221003: trying to deploy queue jms.queue.ExpiryQueue
2017-05-29 08:43:27,922 INFO  [org.apache.activemq.artemis.core.server:1227] (ServerService Thread Pool -- 67) AMQ221003: trying to deploy queue jms.queue.DLQ
2017-05-29 08:43:27,995 INFO  [org.jboss.weld.deployer:104] (MSC service thread 1-2) WFLYWELD0003: Processing weld deployment weather.war
2017-05-29 08:43:28,018 INFO  [org.jboss.as.connector.deployment:396] (MSC service thread 1-4) WFLYJCA0007: Registered connection factory java:/JmsXA
2017-05-29 08:43:28,196 INFO  [org.hibernate.Version:45] (ServerService Thread Pool -- 69) HHH000412: Hibernate Core {5.2.6.Final}
2017-05-29 08:43:28,208 INFO  [org.hibernate.cfg.Environment:213] (ServerService Thread Pool -- 69) HHH000206: hibernate.properties not found
2017-05-29 08:43:28,237 INFO  [org.apache.activemq.artemis.ra:253] (MSC service thread 1-4) Resource adaptor started
2017-05-29 08:43:28,238 INFO  [org.jboss.as.connector.services.resourceadapters.ResourceAdapterActivatorService$ResourceAdapterActivator:1994] (MSC service thread 1-4) IJ020002: Deployed: file://RaActivatoractivemq-rar
2017-05-29 08:43:28,240 INFO  [org.wildfly.extension.messaging-activemq:117] (MSC service thread 1-3) WFLYMSGAMQ0002: Bound messaging object to jndi name java:jboss/DefaultJMSConnectionFactory
2017-05-29 08:43:28,241 INFO  [org.jboss.as.connector.deployment:432] (MSC service thread 1-1) WFLYJCA0002: Bound JCA ConnectionFactory [java:/JmsXA]
2017-05-29 08:43:28,343 INFO  [org.hibernate.annotations.common.Version:66] (ServerService Thread Pool -- 69) HCANN000001: Hibernate Commons Annotations {5.0.1.Final}
2017-05-29 08:43:28,368 INFO  [org.hibernate.validator.internal.util.Version:30] (MSC service thread 1-2) HV000001: Hibernate Validator 5.2.4.Final
2017-05-29 08:43:28,501 INFO  [org.jboss.as.ejb3.deployment:192] (MSC service thread 1-2) WFLYEJB0473: JNDI bindings for session bean named 'MonitoringREST' in deployment unit 'deployment "weather.war"' are as follows:

	java:global/weather/MonitoringREST!com.weather.MonitoringREST
	java:app/weather/MonitoringREST!com.weather.MonitoringREST
	java:module/MonitoringREST!com.weather.MonitoringREST
	java:global/weather/MonitoringREST
	java:app/weather/MonitoringREST
	java:module/MonitoringREST

2017-05-29 08:43:28,688 INFO  [org.infinispan.configuration.cache.EvictionConfigurationBuilder:114] (ServerService Thread Pool -- 69) ISPN000152: Passivation configured without an eviction policy being selected. Only manually evicted entities will be passivated.
2017-05-29 08:43:28,689 INFO  [org.infinispan.configuration.cache.EvictionConfigurationBuilder:114] (ServerService Thread Pool -- 69) ISPN000152: Passivation configured without an eviction policy being selected. Only manually evicted entities will be passivated.
2017-05-29 08:43:28,809 INFO  [org.jboss.weld.Version:153] (MSC service thread 1-4) WELD-000900: 2.3.5 (Final)
2017-05-29 08:43:29,239 INFO  [org.jboss.as.jpa:144] (ServerService Thread Pool -- 69) WFLYJPA0010: Starting Persistence Unit (phase 2 of 2) Service 'weather.war#postgreLocalDS'
2017-05-29 08:43:29,358 INFO  [org.jboss.as.clustering.infinispan:130] (ServerService Thread Pool -- 67) WFLYCLINF0002: Started client-mappings cache from ejb container
2017-05-29 08:43:29,585 INFO  [org.hibernate.dialect.Dialect:157] (ServerService Thread Pool -- 69) HHH000400: Using dialect: org.hibernate.dialect.PostgreSQL9Dialect
2017-05-29 08:43:29,730 INFO  [org.hibernate.engine.jdbc.env.internal.LobCreatorBuilderImpl:124] (ServerService Thread Pool -- 69) HHH000424: Disabling contextual LOB creation as createClob() method threw error : java.lang.reflect.InvocationTargetException
2017-05-29 08:43:29,735 INFO  [org.hibernate.type.BasicTypeRegistry:148] (ServerService Thread Pool -- 69) HHH000270: Type registration [java.util.UUID] overrides previous : org.hibernate.type.UUIDBinaryType@2c7f1a5d
2017-05-29 08:43:29,762 INFO  [org.hibernate.envers.boot.internal.EnversServiceImpl:92] (ServerService Thread Pool -- 69) Envers integration enabled? : true
2017-05-29 08:43:29,968 INFO  [org.hibernate.internal.SessionFactoryRegistry:89] (ServerService Thread Pool -- 69) HHH000094: Bound factory to JNDI name: java:/postgreLocalDSFactory
2017-05-29 08:43:31,515 INFO  [org.wildfly.extension.undertow:189] (ServerService Thread Pool -- 69) WFLYUT0021: Registered web context: /weather
2017-05-29 08:43:31,619 INFO  [org.jboss.as.server:141] (ServerService Thread Pool -- 36) WFLYSRV0010: Deployed "weather.war" (runtime-name : "weather.war")
2017-05-29 08:43:31,764 INFO  [org.jboss.as:159] (Controller Boot Thread) WFLYSRV0060: Http management interface listening on http://0.0.0.0:9990/management
2017-05-29 08:43:31,764 INFO  [org.jboss.as:161] (Controller Boot Thread) WFLYSRV0051: Admin console listening on http://0.0.0.0:9990
2017-05-29 08:43:31,764 INFO  [org.jboss.as:109] (Controller Boot Thread) WFLYSRV0025: WildFly Full 10.1.0.Final (WildFly Core 2.2.0.Final) started in 12141ms - Started 508 of 746 services (424 services are lazy, passive or on-demand)
